<?xml version="1.0" encoding="UTF-8"?>
<coverage generated="1549862216856" clover="3.2.0">
  <project timestamp="1549862216857" name="All files">
    <metrics statements="7" coveredstatements="2" conditionals="0" coveredconditionals="0" methods="3" coveredmethods="0" elements="10" coveredelements="2" complexity="0" loc="7" ncloc="7" packages="1" files="1" classes="1">
      <file name="NumberInput.vue" path="/Users/fsanano/num/src/components/NumberInput.vue">
        <metrics statements="7" coveredstatements="2" conditionals="0" coveredconditionals="0" methods="3" coveredmethods="0"/>
        <line num="29" count="1" type="stmt"/>
        <line num="34" count="1" type="stmt"/>
        <line num="40" count="0" type="stmt"/>
        <line num="41" count="0" type="stmt"/>
        <line num="42" count="0" type="stmt"/>
        <line num="48" count="0" type="stmt"/>
        <line num="49" count="0" type="stmt"/>
      </file>
    </metrics>
  </project>
</coverage>
